[Licensing::Module] Trying to connect to existing licensing client channel...
Built from '6000.5/staging' branch; Version is '6000.5.3f1 (c2eb47b3a2a9) revision 12774215'; Using compiler version '194234433'; Build Type 'Release'
[Licensing::IpcConnector] Successfully connected to: "LicenseClient-Admin" at "2026-07-23T12:58:32.2847123Z"
OS: 'Windows 11  (10.0.26200) CoreSingleLanguage' Language: 'zh' Physical Memory: 7901 MB
BatchMode: 1, IsHumanControllingUs: 0, StartBugReporterOnCrash: 0, Is64bit: 1
System  architecture: x64
Process architecture: x64
Date: 2026-07-23T12:58:32Z

COMMAND LINE ARGUMENTS:
C:\Program Files\Unity\Hub\Editor\6000.5.3f1\Editor\Unity.exe
-adb2
-batchMode
-noUpm
-name
AssetImportWorkerHW0
-projectPath
D:/WorkFolder/Unity/LifeSimulator
-logFile
Logs/AssetImportWorkerHW0.log
-srvPort
58397
-parentPid
5980
-analyticsCloudUserId
anonymous
-analyticsCloudProjectId
12a1f908-4498-4118-83f6-5d0615774e39
-analyticsLocalProjectId
e798c9e5c0e9d81498834e14ad0fb7db
-licensingIpc
LicenseClient-Admin
-noDiagnosticSwitchPersistentStore
-job-worker-count
3
-background-job-worker-count
8
-asset-garbage-collectors
1
-force-d3d12
-name
AssetImport
Successfully changed project path to: D:/WorkFolder/Unity/LifeSimulator
D:/WorkFolder/Unity/LifeSimulator
[UnityMemory] Configuration Parameters - Can be set up in boot.config
    "memorysetup-temp-allocator-size-gi-baking-worker=262144"
    "memorysetup-temp-allocator-size-gi-baking-worker=262144"
    "memorysetup-temp-allocator-size-gi-baking-worker=262144"
    "memorysetup-temp-allocator-size-gi-baking-worker=262144"
    "memorysetup-temp-allocator-size-gi-baking-worker=262144"
    "memorysetup-temp-allocator-size-nav-mesh-worker=65536"
    "memorysetup-temp-allocator-size-audio-worker=65536"
    "memorysetup-temp-allocator-size-cloud-worker=32768"
    "memorysetup-temp-allocator-size-gfx=262144"
    "memorysetup-temp-allocator-size-preload-manager=33554432"
    "memorysetup-allocator-temp-initial-block-size-main=262144"
    "memorysetup-allocator-temp-initial-block-size-worker=262144"
    "memorysetup-temp-allocator-size-job-worker=262144"
    "memorysetup-temp-allocator-size-background-worker=32768"
    "memorysetup-bucket-allocator-granularity=16"
    "memorysetup-bucket-allocator-bucket-count=8"
    "memorysetup-bucket-allocator-block-size=33554432"
    "memorysetup-bucket-allocator-block-count=8"
    "memorysetup-main-allocator-block-size=16777216"
    "memorysetup-thread-allocator-block-size=16777216"
    "memorysetup-main-allocator-mimalloc-enabled=0"
    "memorysetup-gfx-main-allocator-block-size=16777216"
    "memorysetup-gfx-thread-allocator-block-size=16777216"
    "memorysetup-cache-allocator-block-size=4194304"
    "memorysetup-typetree-allocator-block-size=2097152"
    "memorysetup-profiler-bucket-allocator-granularity=16"
    "memorysetup-profiler-bucket-allocator-bucket-count=8"
    "memorysetup-profiler-bucket-allocator-block-size=33554432"
    "memorysetup-profiler-bucket-allocator-block-count=8"
    "memorysetup-profiler-allocator-block-size=16777216"
    "memorysetup-profiler-editor-allocator-block-size=1048576"
    "memorysetup-temp-allocator-size-main=16777216"
    "memorysetup-job-temp-allocator-block-size=2097152"
    "memorysetup-job-temp-allocator-block-size-background=1048576"
    "memorysetup-job-temp-allocator-reduction-small-platforms=262144"
Player connection [18052]  Target information:

Player connection [18052]  * "[IP] 192.168.0.103 [Port] 0 [Flags] 2 [Guid] 1183025726 [EditorId] 1183025726 [Version] 1048832 [Id] WindowsEditor(7,DESKTOP-M1NFPOT) [Debug] 1 [PackageName] WindowsEditor [ProjectName] Editor" 

Player connection [18052] Host joined multi-casting on [225.0.0.222:54997]...
Player connection [18052] Host joined alternative multi-casting on [225.0.0.222:34997]...
JobSystem: Creating JobQueue using job-worker-count value 3
Input System module state changed to: Initialized.
[Physics::Module] Initialized fallback backend.
[Physics::Module] Id: 0xdecafbad
Library Redirect Path: Library/
[Physics::Module] Selected backend.
[Physics::Module] Name: PhysX
[Physics::Module] Id: 0xf2b8ea05
[Physics::Module] SDK Version: 4.1.2
[Physics::Module] Integration Version: 1.0.0
[Physics::Module] Threading Mode: Multi-Threaded
[Licensing::Module] Licensing is not yet initialized.
[Licensing::Client] Error: HandshakeResponse reported an error:
	ResponseCode: 505
	ResponseStatus: Unsupported protocol version '1.18.1'.
[Licensing::Module] Error: Failed to handshake to channel: "LicenseClient-Admin"
[Licensing::IpcConnector] LicenseClient-Admin channel disconnected successfully.
[Licensing::IpcConnector] Successfully connected to: "LicenseClient-Admin-6000.5.3" at "2026-07-23T12:58:35.2194074Z"
[Licensing::Client] Code 10 while verifying Licensing Client signature (process Id: 11736, path: "C:/Program Files/Unity/Hub/Editor/6000.5.3f1/Editor/Data/Resources/Licensing/Client/Unity.Licensing.Client.exe")
[Licensing::Module] LicensingClient has failed validation; ignoring
[Licensing::Client] Handshaking with LicensingClient:
  Version:                 1.18.1+9fbee8e
  Session Id:              c8eea7a6cd0a44d9a9b4e1935913e82f
  Correlation Id:          73b25a1fbf3303843a4700b5347e9d66
  External correlation Id: 3858615529316213388
  Machine Id:              zf04Xmer3V7yFRfyfbGlc1a26FY=
[Licensing::Module] Successfully connected to LicensingClient on channel: "LicenseClient-Admin-6000.5.3" (connect: 0.00s, validation: 0.00s, handshake: 0.02s)
[Licensing::IpcConnector] Successfully connected to: "LicenseClient-Admin-6000.5.3-notifications" at "2026-07-23T12:58:35.2478788Z"
[Licensing::Module] Licensing Background thread has ended after 2.96s
[Licensing::Module] Licensing is initialized (took 2.70s).
[Licensing::Client] Successfully resolved entitlement details
[Licensing::Module] License group:
  Id: 18968271847552-UnityPersXXXX
  Product: Unity Personal
  Type: Assigned
  Expiration: Unlimited
Refreshing native plugins compatible for Editor in 40.23 ms, found 5 plugins.
Initialize engine version: 6000.5.3f1 (c2eb47b3a2a9)
[Subsystems] Discovering subsystems at path C:/Program Files/Unity/Hub/Editor/6000.5.3f1/Editor/Data/Resources/UnitySubsystems
[Subsystems] Discovering subsystems at path D:/WorkFolder/Unity/LifeSimulator/Assets
Forcing GfxDevice: Direct3D 12
GfxDevice: creating device client; kGfxThreadingModeNonThreaded
d3d12: failed to query info queue interface (0x80004002).
Direct3D:
    Version:         Direct3D 12 [level 12.1]
    Renderer:        Intel(R) UHD Graphics 730 (ID=0x4692)
    Vendor:          Intel
    VRAM:            3950 MB
    App VRAM Budget: 3555 MB
    Driver:          32.0.101.7088
    Unified Memory Architecture
    Cache Coherent UMA
Initialize mono
Mono path[0] = 'C:/Program Files/Unity/Hub/Editor/6000.5.3f1/Editor/Data/Managed'
Mono path[1] = 'C:/Program Files/Unity/Hub/Editor/6000.5.3f1/Editor/Data/BCLExtensions/runtime/netstandard2.1'
Mono path[2] = 'C:/Program Files/Unity/Hub/Editor/6000.5.3f1/Editor/Data/MonoBleedingEdge/lib/mono/unityjit-win32'
Mono config path = 'C:/Program Files/Unity/Hub/Editor/6000.5.3f1/Editor/Data/MonoBleedingEdge/etc'
Using monoOptions --debugger-agent=transport=dt_socket,embedding=1,server=y,suspend=n,address=127.0.0.1:56840
CodeReloadManager initialized
Begin MonoManager ReloadAssembly
Registering precompiled unity dll's ...
Register platform support module: C:/Program Files/Unity/Hub/Editor/6000.5.3f1/Editor/Data/PlaybackEngines/WebGLSupport/UnityEditor.WebGL.Extensions.dll
Register platform support module: C:/Program Files/Unity/Hub/Editor/6000.5.3f1/Editor/Data/PlaybackEngines/WindowsStandaloneSupport/UnityEditor.WindowsStandalone.Extensions.dll
Register platform support module: C:/Program Files/Unity/Hub/Editor/6000.5.3f1/Editor/Data/PlaybackEngines/AndroidPlayer/UnityEditor.Android.Extensions.dll
Registered in 0.023311 seconds.
Native extension for Android target not found
Native extension for WindowsStandalone target not found
Native extension for WebGL target not found
Package Manager log level set to [2]
[Package Manager] Failed to launch server process. Reason: Unity was launched with the -noUpm command-line argument
[Package Manager] Unable to send message (not connected to server process).
[Package Manager] Cannot connect to Unity Package Manager local server
ScheduleIndexationOnStartup MainProcess:False IndexOnStartup:True
Mono: successfully reloaded assembly
- Finished resetting the current domain, in  0.780 seconds
Domain Reload Profiling: 2058ms
	BeginReloadAssembly (365ms)
		CreateAndSetChildDomain (13ms)
	RebuildCommonClasses (24ms)
	RebuildNativeTypeToScriptingClass (41ms)
	initialDomainReloadingComplete (191ms)
	LoadAllAssembliesAndSetupDomain (656ms)
		LoadAssemblies (337ms)
		AnalyzeDomain (483ms)
			TypeCache.Refresh (481ms)
				TypeCache.ScanAssembly (451ms)
	FinalizeReload (782ms)
		SetupLoadedEditorAssemblies (0ms)
			InitializePlatformSupportModulesInManaged (29ms)
			BeforeProcessingInitializeOnLoad (121ms)
			ProcessInitializeOnLoadAttributes (151ms)
			ProcessInitializeOnLoadMethodAttributes (369ms)
Initializing Unity extensions:
[Licensing::Client] Successfully resolved entitlement details
Curl error 3: URL rejected: Malformed input to a URL function
========================================================================
Worker process is ready to serve import requests
Import Worker Mode flag is 0x00
Begin MonoManager ReloadAssembly
Refreshing native plugins compatible for Editor in 5.66 ms, found 5 plugins.
Native extension for Android target not found
Native extension for WindowsStandalone target not found
Native extension for WebGL target not found
[Package Manager] Failed to launch server process. Reason: Unity was launched with the -noUpm command-line argument
[Package Manager] Unable to send message (not connected to server process).
[Package Manager] Cannot connect to Unity Package Manager local server
Refreshing native plugins compatible for Editor in 2.81 ms, found 5 plugins.
[Package Manager] Failed to launch server process. Reason: Unity was launched with the -noUpm command-line argument
[Package Manager] Unable to send message (not connected to server process).
[Package Manager] Cannot connect to Unity Package Manager local server
ScheduleIndexationOnStartup MainProcess:False IndexOnStartup:True
Mono: successfully reloaded assembly
- Finished resetting the current domain, in  1.195 seconds
Domain Reload Profiling: 2720ms
	BeginReloadAssembly (319ms)
		DisableScriptedObjects (8ms)
		CreateAndSetChildDomain (45ms)
	RebuildCommonClasses (7ms)
	RebuildNativeTypeToScriptingClass (18ms)
	initialDomainReloadingComplete (137ms)
	LoadAllAssembliesAndSetupDomain (1043ms)
		LoadAssemblies (677ms)
		AnalyzeDomain (409ms)
			TypeCache.Refresh (293ms)
				TypeCache.ScanAssembly (262ms)
			BuildScriptInfoCaches (102ms)
			ResolveRequiredComponents (11ms)
	FinalizeReload (1197ms)
		SetupLoadedEditorAssemblies (0ms)
			InitializePlatformSupportModulesInManaged (13ms)
			BeforeProcessingInitializeOnLoad (124ms)
			ProcessInitializeOnLoadAttributes (467ms)
			ProcessInitializeOnLoadMethodAttributes (311ms)
			AfterProcessingInitializeOnLoad (25ms)
AcceleratorClientConnectionCallback - disconnected - :0
Launched and connected shader compiler UnityShaderCompiler.exe after 0.02 seconds
Refreshing native plugins compatible for Editor in 3.99 ms, found 5 plugins.
Unloading 22 Unused Serialized files (Serialized files now loaded: 0)
Curl error 3: URL rejected: Malformed input to a URL function
Unloading 7170 unused Assets / (5.5 MB). Loaded Objects now: 8062.
Memory consumption went from 361.8 MB to 356.3 MB.
Total: 16.293200 ms (FindLiveObjects: 3.129800 ms CreateObjectMapping: 3.015700 ms MarkObjects: 6.311600 ms  DeleteObjects: 3.826800 ms)

========================================================================
Received Import Request.
  Time of request: 2026-07-23T12:59:12.0369706Z
  Time since last request: 315388.25062700000126 seconds.
  importAddress: GUID: 96e083ab60694884a90a36db395c21e2 - Path: Assets/Resources/PerformanceTestRunInfo.json - Importer: ScriptedImporter/UnityEditor.QuickSearchModule:UnityEditor.Search:ASIAI0B
Importing 'GUID: 96e083ab60694884a90a36db395c21e2 - Path: Assets/Resources/PerformanceTestRunInfo.json - Importer: ScriptedImporter/UnityEditor.QuickSearchModule:UnityEditor.Search:ASIAI0B' with importer (ScriptedImporter : UnityEditor.QuickSearchModule:UnityEditor.Search:ASIAI0B)
Imported 'GUID: 96e083ab60694884a90a36db395c21e2' -> (Import Result ID: '9ddb036625b6a86933d7075e8dba1837') in 0.096 seconds [static and dynamic dependencies]. Details - ImportResultOutputID=cc169f767fe062d1c281b217d08678e2 DependenciesID=ca35ce6ff4fe80ce12a19ada8a3c23c0 StaticDependenciesID=115d1c66c97f23c3346f4dd8ea438ea6 
Number of updated asset objects reloaded before import = 0
Number of asset objects unloaded after import = 1
========================================================================
Received Import Request.
  Time of request: 2026-07-23T12:59:12.1578639Z
  Time since last request: 0.004207 seconds.
  importAddress: GUID: 93b439a37f63240aca3dd4e01d978a9f - Path: Assets/UniversalRenderPipelineGlobalSettings.asset - Importer: ScriptedImporter/UnityEditor.QuickSearchModule:UnityEditor.Search:ASIAI0B
Importing 'GUID: 93b439a37f63240aca3dd4e01d978a9f - Path: Assets/UniversalRenderPipelineGlobalSettings.asset - Importer: ScriptedImporter/UnityEditor.QuickSearchModule:UnityEditor.Search:ASIAI0B' with importer (ScriptedImporter : UnityEditor.QuickSearchModule:UnityEditor.Search:ASIAI0B)
Imported 'GUID: 93b439a37f63240aca3dd4e01d978a9f' -> (Import Result ID: '8cc01e90cf30588a6d5d74ed99a4740a') in 0.072 seconds [static and dynamic dependencies]. Details - ImportResultOutputID=e87d5c2543a71f863b3052356e9fce67 DependenciesID=421fdfda2e3cfa1ea20779727abd44c1 StaticDependenciesID=b7b10c74a9053bacf79e6a14f7d45157 
Number of updated asset objects reloaded before import = 0
Number of asset objects unloaded after import = 1
========================================================================
Received Import Request.
  Time of request: 2026-07-23T12:59:12.2445352Z
  Time since last request: 0.0010709 seconds.
  importAddress: GUID: 6d8d94c794684a44299555fe4d5a0503 - Path: Assets/Resources/PerformanceTestRunSettings.json - Importer: ScriptedImporter/UnityEditor.QuickSearchModule:UnityEditor.Search:ASIAI0B
Importing 'GUID: 6d8d94c794684a44299555fe4d5a0503 - Path: Assets/Resources/PerformanceTestRunSettings.json - Importer: ScriptedImporter/UnityEditor.QuickSearchModule:UnityEditor.Search:ASIAI0B' with importer (ScriptedImporter : UnityEditor.QuickSearchModule:UnityEditor.Search:ASIAI0B)
Imported 'GUID: 6d8d94c794684a44299555fe4d5a0503' -> (Import Result ID: 'dc9886453a30df42c7026c932f796ffb') in 0.016 seconds [static and dynamic dependencies]. Details - ImportResultOutputID=09494bebf2577f75979538b26e097928 DependenciesID=4a494cdfb5d28eb420eec9770c8ca070 StaticDependenciesID=6fb67850c1b89f552344040e9ffcb4dc 
Number of updated asset objects reloaded before import = 0
Number of asset objects unloaded after import = 1
========================================================================
Received Import Request.
  Time of request: 2026-07-23T12:59:12.2733083Z
  Time since last request: 0.0012277 seconds.
  importAddress: GUID: 1c90b46b468eae7468606388d48c3411 - Path: Assets/Scenes/SampleScene.unity - Importer: ScriptedImporter/UnityEditor.QuickSearchModule:UnityEditor.Search:ASIAI0B
Importing 'GUID: 1c90b46b468eae7468606388d48c3411 - Path: Assets/Scenes/SampleScene.unity - Importer: ScriptedImporter/UnityEditor.QuickSearchModule:UnityEditor.Search:ASIAI0B' with importer (ScriptedImporter : UnityEditor.QuickSearchModule:UnityEditor.Search:ASIAI0B)
Imported 'GUID: 1c90b46b468eae7468606388d48c3411' -> (Import Result ID: 'aa729369e2fdf23b20fa70307218069e') in 0.014 seconds [static and dynamic dependencies]. Details - ImportResultOutputID=9b0e278d54df4116889540f9aa2a1e78 DependenciesID=cb64ce8d8679ea049a09ba1e0e1f4684 StaticDependenciesID=9decfc60bc47823f60989ae2788e7ee2 
Number of updated asset objects reloaded before import = 0
Number of asset objects unloaded after import = 1
========================================================================
Received Import Request.
  Time of request: 2026-07-23T12:59:48.9917827Z
  Time since last request: 36.6894641 seconds.
  importAddress: GUID: 93b439a37f63240aca3dd4e01d978a9f - Path: Assets/UniversalRenderPipelineGlobalSettings.asset - Importer: ScriptedImporter/UnityEditor.QuickSearchModule:UnityEditor.Search:ASIAI0B
Importing 'GUID: 93b439a37f63240aca3dd4e01d978a9f - Path: Assets/UniversalRenderPipelineGlobalSettings.asset - Importer: ScriptedImporter/UnityEditor.QuickSearchModule:UnityEditor.Search:ASIAI0B' with importer (ScriptedImporter : UnityEditor.QuickSearchModule:UnityEditor.Search:ASIAI0B)
Imported 'GUID: 93b439a37f63240aca3dd4e01d978a9f' -> (Import Result ID: 'ce96b36cc01cb954f9f1ae261443505c') in 0.387 seconds [static and dynamic dependencies]. Details - ImportResultOutputID=106c14f7a3b56e4e5d50517739d221d4 DependenciesID=64195aefc29fa37b74acf03d57f59ad2 StaticDependenciesID=835df4d490652f09affeb8ba023b4033 
Number of updated asset objects reloaded before import = 1
Number of asset objects unloaded after import = 1
========================================================================
Received Prepare
AcceleratorClientConnectionCallback - disconnected - :0
[Licensing::Client] Successfully resolved entitlement details
[Licensing::Client] Successfully resolved entitlement details
Begin MonoManager ReloadAssembly
Refreshing native plugins compatible for Editor in 5.22 ms, found 5 plugins.
Native extension for Android target not found
Native extension for WindowsStandalone target not found
Native extension for WebGL target not found
[Package Manager] Failed to launch server process. Reason: Unity was launched with the -noUpm command-line argument
[Package Manager] Unable to send message (not connected to server process).
[Package Manager] Cannot connect to Unity Package Manager local server
[Package Manager] Failed to launch server process. Reason: Unity was launched with the -noUpm command-line argument
[Package Manager] Unable to send message (not connected to server process).
[Package Manager] Cannot connect to Unity Package Manager local server
ScheduleIndexationOnStartup MainProcess:False IndexOnStartup:True
Mono: successfully reloaded assembly
- Finished resetting the current domain, in  1.253 seconds
Domain Reload Profiling: 8184ms
	BeginReloadAssembly (4145ms)
		ExecutionOrderSort (6ms)
		DisableScriptedObjects (395ms)
		ReleaseScriptingObjects (17ms)
		CreateAndSetChildDomain (1877ms)
	RebuildCommonClasses (13ms)
	RebuildNativeTypeToScriptingClass (21ms)
	initialDomainReloadingComplete (684ms)
	LoadAllAssembliesAndSetupDomain (2065ms)
		LoadAssemblies (2116ms)
		AnalyzeDomain (134ms)
			TypeCache.Refresh (54ms)
			ResolveRequiredComponents (16ms)
	FinalizeReload (1255ms)
		SetupLoadedEditorAssemblies (0ms)
			InitializePlatformSupportModulesInManaged (32ms)
			BeforeProcessingInitializeOnLoad (153ms)
			ProcessInitializeOnLoadAttributes (497ms)
			ProcessInitializeOnLoadMethodAttributes (189ms)
			AfterProcessingInitializeOnLoad (25ms)
		AwakeInstancesAfterBackupRestoration (27ms)
Refreshing native plugins compatible for Editor in 2.55 ms, found 5 plugins.
Unloading 22 Unused Serialized files (Serialized files now loaded: 0)
Unloading 7169 unused Assets / (5.9 MB). Loaded Objects now: 8068.
Memory consumption went from 349.6 MB to 343.7 MB.
Total: 17.597200 ms (FindLiveObjects: 1.225800 ms CreateObjectMapping: 2.890300 ms MarkObjects: 9.292100 ms  DeleteObjects: 4.185200 ms)

Prepare: number of updated asset objects reloaded= 0
EnvironmentDependencyValues requested are different than current active one (requested -> active):
  graphicsApiMask: 2099200 -> 2361344
========================================================================
Received Import Request.
  Time of request: 2026-07-23T13:01:06.6402641Z
  Time since last request: 76.95504750000001 seconds.
  importAddress: GUID: 0289e4b5bc3f5c04ca3af3d0c4edb5a8 - Path: Assets/C# Script/Food.cs - Importer: PreviewImporter
Importing 'GUID: 0289e4b5bc3f5c04ca3af3d0c4edb5a8 - Path: Assets/C# Script/Food.cs - Importer: PreviewImporter' with importer (PreviewImporter)
Imported 'GUID: 0289e4b5bc3f5c04ca3af3d0c4edb5a8' -> (Import Result ID: '6a185707ec94be7d9ec3e52e9bcfc8f3') in 0.040 seconds [static and dynamic dependencies]. Details - ImportResultOutputID=58e60613da03bfbaf30e82651555d712 DependenciesID=41c5de2b2258e6c385fb6d9a4bd161c0 StaticDependenciesID=edae5ba8a9dffb21cf7f84bf56f860fe 
Number of updated asset objects reloaded before import = 0
Number of asset objects unloaded after import = 0
========================================================================
Received Prepare
AcceleratorClientConnectionCallback - disconnected - :0
Refreshing native plugins compatible for Editor in 6.33 ms, found 5 plugins.
Unloading 22 Unused Serialized files (Serialized files now loaded: 0)
Unloading 7154 unused Assets / (5.2 MB). Loaded Objects now: 8068.
Memory consumption went from 349.8 MB to 344.7 MB.
Total: 660.041600 ms (FindLiveObjects: 16.580100 ms CreateObjectMapping: 5.714700 ms MarkObjects: 631.332000 ms  DeleteObjects: 6.409600 ms)

Prepare: number of updated asset objects reloaded= 0
EnvironmentDependencyValues requested are different than current active one (requested -> active):
  graphicsApiMask: 2099200 -> 2361344
========================================================================
Received Prepare
AcceleratorClientConnectionCallback - disconnected - :0
[Licensing::Client] Successfully resolved entitlement details
[Licensing::Client] Successfully resolved entitlement details
Begin MonoManager ReloadAssembly
Refreshing native plugins compatible for Editor in 12.12 ms, found 5 plugins.
Native extension for Android target not found
Native extension for WindowsStandalone target not found
Native extension for WebGL target not found
[Package Manager] Failed to launch server process. Reason: Unity was launched with the -noUpm command-line argument
[Package Manager] Unable to send message (not connected to server process).
[Package Manager] Cannot connect to Unity Package Manager local server
[Package Manager] Failed to launch server process. Reason: Unity was launched with the -noUpm command-line argument
[Package Manager] Unable to send message (not connected to server process).
[Package Manager] Cannot connect to Unity Package Manager local server
ScheduleIndexationOnStartup MainProcess:False IndexOnStartup:True
Mono: successfully reloaded assembly
- Finished resetting the current domain, in  1.241 seconds
Domain Reload Profiling: 10472ms
	BeginReloadAssembly (2903ms)
		ExecutionOrderSort (5ms)
		DisableScriptedObjects (381ms)
		ReleaseScriptingObjects (4ms)
		CreateAndSetChildDomain (966ms)
	RebuildCommonClasses (14ms)
	RebuildNativeTypeToScriptingClass (32ms)
	initialDomainReloadingComplete (851ms)
	LoadAllAssembliesAndSetupDomain (5430ms)
		LoadAssemblies (4991ms)
		AnalyzeDomain (1010ms)
			TypeCache.Refresh (331ms)
				TypeCache.ScanAssembly (11ms)
			BuildScriptInfoCaches (612ms)
			ResolveRequiredComponents (17ms)
	FinalizeReload (1242ms)
		SetupLoadedEditorAssemblies (0ms)
			InitializePlatformSupportModulesInManaged (17ms)
			BeforeProcessingInitializeOnLoad (149ms)
			ProcessInitializeOnLoadAttributes (552ms)
			ProcessInitializeOnLoadMethodAttributes (211ms)
			AfterProcessingInitializeOnLoad (20ms)
		AwakeInstancesAfterBackupRestoration (34ms)
Refreshing native plugins compatible for Editor in 10.48 ms, found 5 plugins.
Unloading 22 Unused Serialized files (Serialized files now loaded: 0)
Unloading 7169 unused Assets / (5.6 MB). Loaded Objects now: 8071.
Memory consumption went from 353.4 MB to 347.8 MB.
Total: 16.821200 ms (FindLiveObjects: 0.817300 ms CreateObjectMapping: 2.664300 ms MarkObjects: 9.832100 ms  DeleteObjects: 3.504600 ms)

Prepare: number of updated asset objects reloaded= 0
EnvironmentDependencyValues requested are different than current active one (requested -> active):
  graphicsApiMask: 2099200 -> 2361344
========================================================================
Received Prepare
AcceleratorClientConnectionCallback - disconnected - :0
Refreshing native plugins compatible for Editor in 4.72 ms, found 5 plugins.
Unloading 22 Unused Serialized files (Serialized files now loaded: 0)
Unloading 22 unused Assets / (2.6 MB). Loaded Objects now: 8071.
Memory consumption went from 348.4 MB to 345.8 MB.
Total: 10.493900 ms (FindLiveObjects: 0.600800 ms CreateObjectMapping: 1.595000 ms MarkObjects: 7.314700 ms  DeleteObjects: 0.981000 ms)

Prepare: number of updated asset objects reloaded= 0
EnvironmentDependencyValues requested are different than current active one (requested -> active):
  graphicsApiMask: 2099200 -> 2361344
========================================================================
Received Prepare
AcceleratorClientConnectionCallback - disconnected - :0
Refreshing native plugins compatible for Editor in 12.02 ms, found 5 plugins.
Unloading 22 Unused Serialized files (Serialized files now loaded: 0)
Unloading 22 unused Assets / (2.6 MB). Loaded Objects now: 8071.
Memory consumption went from 348.6 MB to 346.0 MB.
Total: 979.353100 ms (FindLiveObjects: 14.091200 ms CreateObjectMapping: 2.211400 ms MarkObjects: 961.908500 ms  DeleteObjects: 1.139500 ms)

Prepare: number of updated asset objects reloaded= 0
EnvironmentDependencyValues requested are different than current active one (requested -> active):
  graphicsApiMask: 2099200 -> 2361344
========================================================================
Received Prepare
AcceleratorClientConnectionCallback - disconnected - :0
Refreshing native plugins compatible for Editor in 15.74 ms, found 5 plugins.
Unloading 22 Unused Serialized files (Serialized files now loaded: 0)
Unloading 22 unused Assets / (2.6 MB). Loaded Objects now: 8071.
Memory consumption went from 348.8 MB to 346.2 MB.
Total: 526.824800 ms (FindLiveObjects: 16.486900 ms CreateObjectMapping: 4.136900 ms MarkObjects: 504.294900 ms  DeleteObjects: 1.901800 ms)

Prepare: number of updated asset objects reloaded= 0
EnvironmentDependencyValues requested are different than current active one (requested -> active):
  graphicsApiMask: 2099200 -> 2361344
========================================================================
Received Prepare
AcceleratorClientConnectionCallback - disconnected - :0
Refreshing native plugins compatible for Editor in 9.60 ms, found 5 plugins.
Unloading 22 Unused Serialized files (Serialized files now loaded: 0)
Unloading 22 unused Assets / (2.6 MB). Loaded Objects now: 8071.
Memory consumption went from 348.9 MB to 346.3 MB.
Total: 342.281900 ms (FindLiveObjects: 9.119100 ms CreateObjectMapping: 2.482700 ms MarkObjects: 329.049300 ms  DeleteObjects: 1.621200 ms)

WARNING: Shader Unsupported: 'Universal Render Pipeline/Terrain/Lit' - All subshaders removed
WARNING: Shader Did you use #pragma only_renderers and omit this platform?
WARNING: Shader If subshaders removal was intentional, you may have forgotten turning Fallback off?
WARNING: Shader Unsupported: 'Hidden/Universal Render Pipeline/Terrain/Lit (Base Pass)' - All subshaders removed
WARNING: Shader Did you use #pragma only_renderers and omit this platform?
WARNING: Shader If subshaders removal was intentional, you may have forgotten turning Fallback off?
Prepare: number of updated asset objects reloaded= 184
========================================================================
Received Prepare
AcceleratorClientConnectionCallback - disconnected - :0
Refreshing native plugins compatible for Editor in 3.32 ms, found 5 plugins.
Unloading 22 Unused Serialized files (Serialized files now loaded: 0)
Unloading 22 unused Assets / (2.6 MB). Loaded Objects now: 8071.
Memory consumption went from 349.1 MB to 346.5 MB.
Total: 10.050800 ms (FindLiveObjects: 0.550200 ms CreateObjectMapping: 1.394100 ms MarkObjects: 7.420700 ms  DeleteObjects: 0.682900 ms)

Prepare: number of updated asset objects reloaded= 0
========================================================================
Received Prepare
AcceleratorClientConnectionCallback - disconnected - :0
[Licensing::Client] Successfully resolved entitlement details
Begin MonoManager ReloadAssembly
Refreshing native plugins compatible for Editor in 17.62 ms, found 5 plugins.
Native extension for Android target not found
Native extension for WindowsStandalone target not found
Native extension for WebGL target not found
[Package Manager] Failed to launch server process. Reason: Unity was launched with the -noUpm command-line argument
[Package Manager] Unable to send message (not connected to server process).
[Package Manager] Cannot connect to Unity Package Manager local server
[Package Manager] Failed to launch server process. Reason: Unity was launched with the -noUpm command-line argument
[Package Manager] Unable to send message (not connected to server process).
[Package Manager] Cannot connect to Unity Package Manager local server
ScheduleIndexationOnStartup MainProcess:False IndexOnStartup:True
Mono: successfully reloaded assembly
- Finished resetting the current domain, in  2.843 seconds
Domain Reload Profiling: 14076ms
	BeginReloadAssembly (4365ms)
		ExecutionOrderSort (7ms)
		DisableScriptedObjects (300ms)
		ReleaseScriptingObjects (7ms)
		CreateAndSetChildDomain (2112ms)
	RebuildCommonClasses (28ms)
	RebuildNativeTypeToScriptingClass (36ms)
	initialDomainReloadingComplete (885ms)
	LoadAllAssembliesAndSetupDomain (5917ms)
		LoadAssemblies (4185ms)
		AnalyzeDomain (1812ms)
			TypeCache.Refresh (1081ms)
				TypeCache.ScanAssembly (519ms)
			BuildScriptInfoCaches (660ms)
			ResolveRequiredComponents (30ms)
	FinalizeReload (2845ms)
		SetupLoadedEditorAssemblies (0ms)
			InitializePlatformSupportModulesInManaged (43ms)
			BeforeProcessingInitializeOnLoad (387ms)
			ProcessInitializeOnLoadAttributes (1246ms)
			ProcessInitializeOnLoadMethodAttributes (414ms)
			AfterProcessingInitializeOnLoad (53ms)
		AwakeInstancesAfterBackupRestoration (51ms)
Refreshing native plugins compatible for Editor in 11.75 ms, found 5 plugins.
Unloading 22 Unused Serialized files (Serialized files now loaded: 0)
Unloading 7169 unused Assets / (5.6 MB). Loaded Objects now: 8074.
Memory consumption went from 361.2 MB to 355.5 MB.
Total: 39.923900 ms (FindLiveObjects: 6.361000 ms CreateObjectMapping: 5.497000 ms MarkObjects: 18.292000 ms  DeleteObjects: 9.768100 ms)

Prepare: number of updated asset objects reloaded= 0
========================================================================
Received Prepare
AcceleratorClientConnectionCallback - disconnected - :0
Refreshing native plugins compatible for Editor in 8.31 ms, found 5 plugins.
Unloading 22 Unused Serialized files (Serialized files now loaded: 0)
Unloading 22 unused Assets / (2.6 MB). Loaded Objects now: 8074.
Memory consumption went from 356.2 MB to 353.6 MB.
Total: 173.690100 ms (FindLiveObjects: 4.599100 ms CreateObjectMapping: 1.581900 ms MarkObjects: 166.510600 ms  DeleteObjects: 0.991400 ms)

Prepare: number of updated asset objects reloaded= 0
========================================================================
Received Prepare
AcceleratorClientConnectionCallback - disconnected - :0
Refreshing native plugins compatible for Editor in 35.85 ms, found 5 plugins.
Unloading 22 Unused Serialized files (Serialized files now loaded: 0)
Unloading 22 unused Assets / (2.6 MB). Loaded Objects now: 8074.
Memory consumption went from 356.3 MB to 353.7 MB.
Total: 761.681400 ms (FindLiveObjects: 23.816300 ms CreateObjectMapping: 2.647200 ms MarkObjects: 733.807700 ms  DeleteObjects: 1.406200 ms)

Prepare: number of updated asset objects reloaded= 0
========================================================================
Received Prepare
AcceleratorClientConnectionCallback - disconnected - :0
Refreshing native plugins compatible for Editor in 10.78 ms, found 5 plugins.
Unloading 22 Unused Serialized files (Serialized files now loaded: 0)
Unloading 22 unused Assets / (2.6 MB). Loaded Objects now: 8074.
Memory consumption went from 356.4 MB to 353.8 MB.
Total: 259.964100 ms (FindLiveObjects: 12.592800 ms CreateObjectMapping: 1.421600 ms MarkObjects: 244.281500 ms  DeleteObjects: 1.664500 ms)

WARNING: Shader Unsupported: 'Universal Render Pipeline/Terrain/Lit' - All subshaders removed
WARNING: Shader Did you use #pragma only_renderers and omit this platform?
WARNING: Shader If subshaders removal was intentional, you may have forgotten turning Fallback off?
WARNING: Shader Unsupported: 'Hidden/Universal Render Pipeline/Terrain/Lit (Base Pass)' - All subshaders removed
WARNING: Shader Did you use #pragma only_renderers and omit this platform?
WARNING: Shader If subshaders removal was intentional, you may have forgotten turning Fallback off?
Prepare: number of updated asset objects reloaded= 184
EnvironmentDependencyValues requested are different than current active one (requested -> active):
  graphicsApiMask: 2048 -> 264192
========================================================================
Received Prepare
AcceleratorClientConnectionCallback - disconnected - :0
Refreshing native plugins compatible for Editor in 3.26 ms, found 5 plugins.
Unloading 22 Unused Serialized files (Serialized files now loaded: 0)
Unloading 22 unused Assets / (2.6 MB). Loaded Objects now: 8074.
Memory consumption went from 356.7 MB to 354.1 MB.
Total: 12.011000 ms (FindLiveObjects: 0.498500 ms CreateObjectMapping: 1.661900 ms MarkObjects: 8.846900 ms  DeleteObjects: 0.994200 ms)

Prepare: number of updated asset objects reloaded= 0
EnvironmentDependencyValues requested are different than current active one (requested -> active):
  graphicsApiMask: 2048 -> 264192
========================================================================
Received Prepare
AcceleratorClientConnectionCallback - disconnected - :0
[Licensing::Client] Successfully resolved entitlement details
Begin MonoManager ReloadAssembly
Refreshing native plugins compatible for Editor in 3.48 ms, found 5 plugins.
Native extension for Android target not found
Native extension for WindowsStandalone target not found
Native extension for WebGL target not found
[Package Manager] Failed to launch server process. Reason: Unity was launched with the -noUpm command-line argument
[Package Manager] Unable to send message (not connected to server process).
[Package Manager] Cannot connect to Unity Package Manager local server
[Package Manager] Failed to launch server process. Reason: Unity was launched with the -noUpm command-line argument
[Package Manager] Unable to send message (not connected to server process).
[Package Manager] Cannot connect to Unity Package Manager local server
ScheduleIndexationOnStartup MainProcess:False IndexOnStartup:True
Mono: successfully reloaded assembly
- Finished resetting the current domain, in  1.115 seconds
Domain Reload Profiling: 9378ms
	BeginReloadAssembly (4361ms)
		ExecutionOrderSort (28ms)
		DisableScriptedObjects (676ms)
		ReleaseScriptingObjects (6ms)
		CreateAndSetChildDomain (1016ms)
	RebuildCommonClasses (14ms)
	RebuildNativeTypeToScriptingClass (19ms)
	initialDomainReloadingComplete (286ms)
	LoadAllAssembliesAndSetupDomain (3581ms)
		LoadAssemblies (2045ms)
		AnalyzeDomain (1380ms)
			TypeCache.Refresh (840ms)
				TypeCache.ScanAssembly (604ms)
			BuildScriptInfoCaches (332ms)
			ResolveRequiredComponents (38ms)
	FinalizeReload (1116ms)
		SetupLoadedEditorAssemblies (0ms)
			InitializePlatformSupportModulesInManaged (18ms)
			BeforeProcessingInitializeOnLoad (115ms)
			ProcessInitializeOnLoadAttributes (439ms)
			ProcessInitializeOnLoadMethodAttributes (200ms)
			AfterProcessingInitializeOnLoad (22ms)
			EditorAssembliesLoaded (4ms)
		AwakeInstancesAfterBackupRestoration (42ms)
Refreshing native plugins compatible for Editor in 2.57 ms, found 5 plugins.
Unloading 22 Unused Serialized files (Serialized files now loaded: 0)
Unloading 7169 unused Assets / (4.7 MB). Loaded Objects now: 8077.
Memory consumption went from 365.1 MB to 360.4 MB.
Total: 22.467100 ms (FindLiveObjects: 6.543900 ms CreateObjectMapping: 2.812300 ms MarkObjects: 8.911400 ms  DeleteObjects: 4.030400 ms)

Prepare: number of updated asset objects reloaded= 0
EnvironmentDependencyValues requested are different than current active one (requested -> active):
  graphicsApiMask: 2048 -> 264192
========================================================================
Received Prepare
AcceleratorClientConnectionCallback - disconnected - :0
Refreshing native plugins compatible for Editor in 5.26 ms, found 5 plugins.
Unloading 22 Unused Serialized files (Serialized files now loaded: 0)
Unloading 22 unused Assets / (2.6 MB). Loaded Objects now: 8077.
Memory consumption went from 360.1 MB to 357.5 MB.
Total: 11.592500 ms (FindLiveObjects: 0.495900 ms CreateObjectMapping: 1.873300 ms MarkObjects: 8.579000 ms  DeleteObjects: 0.641600 ms)

Prepare: number of updated asset objects reloaded= 0
EnvironmentDependencyValues requested are different than current active one (requested -> active):
  graphicsApiMask: 2048 -> 264192
========================================================================
Received Prepare
AcceleratorClientConnectionCallback - disconnected - :0
Refreshing native plugins compatible for Editor in 4.72 ms, found 5 plugins.
Unloading 22 Unused Serialized files (Serialized files now loaded: 0)
Unloading 22 unused Assets / (2.6 MB). Loaded Objects now: 8077.
Memory consumption went from 360.2 MB to 357.6 MB.
Total: 273.141600 ms (FindLiveObjects: 8.452100 ms CreateObjectMapping: 2.300200 ms MarkObjects: 260.655800 ms  DeleteObjects: 1.728100 ms)

Prepare: number of updated asset objects reloaded= 0
EnvironmentDependencyValues requested are different than current active one (requested -> active):
  graphicsApiMask: 2048 -> 264192
