[Licensing::Module] Trying to connect to existing licensing client channel...
Built from '6000.5/staging' branch; Version is '6000.5.3f1 (c2eb47b3a2a9) revision 12774215'; Using compiler version '194234433'; Build Type 'Release'
[Licensing::IpcConnector] Successfully connected to: "LicenseClient-Admin" at "2026-07-14T22:34:50.350574Z"
OS: 'Windows 11  (10.0.26200) CoreSingleLanguage' Language: 'zh' Physical Memory: 7901 MB
BatchMode: 1, IsHumanControllingUs: 0, StartBugReporterOnCrash: 0, Is64bit: 1
System  architecture: x64
Process architecture: x64
Date: 2026-07-14T22:34:50Z

COMMAND LINE ARGUMENTS:
C:\Program Files\Unity\Hub\Editor\6000.5.3f1\Editor\Unity.exe
-adb2
-batchMode
-noUpm
-name
AssetImportWorkerHW0
-projectPath
D:/WorkFolder/Unity/LifeSimulator
-logFile
Logs/AssetImportWorkerHW0.log
-srvPort
65021
-parentPid
20416
-analyticsCloudUserId
anonymous
-analyticsCloudProjectId
12a1f908-4498-4118-83f6-5d0615774e39
-analyticsLocalProjectId
e798c9e5c0e9d81498834e14ad0fb7db
-licensingIpc
LicenseClient-Admin
-noDiagnosticSwitchPersistentStore
-job-worker-count
3
-background-job-worker-count
8
-asset-garbage-collectors
1
-force-d3d12
-name
AssetImport
Successfully changed project path to: D:/WorkFolder/Unity/LifeSimulator
D:/WorkFolder/Unity/LifeSimulator
[UnityMemory] Configuration Parameters - Can be set up in boot.config
    "memorysetup-temp-allocator-size-gi-baking-worker=262144"
    "memorysetup-temp-allocator-size-gi-baking-worker=262144"
    "memorysetup-temp-allocator-size-gi-baking-worker=262144"
    "memorysetup-temp-allocator-size-gi-baking-worker=262144"
    "memorysetup-temp-allocator-size-gi-baking-worker=262144"
    "memorysetup-temp-allocator-size-nav-mesh-worker=65536"
    "memorysetup-temp-allocator-size-audio-worker=65536"
    "memorysetup-temp-allocator-size-cloud-worker=32768"
    "memorysetup-temp-allocator-size-gfx=262144"
    "memorysetup-temp-allocator-size-preload-manager=33554432"
    "memorysetup-allocator-temp-initial-block-size-main=262144"
    "memorysetup-allocator-temp-initial-block-size-worker=262144"
    "memorysetup-temp-allocator-size-job-worker=262144"
    "memorysetup-temp-allocator-size-background-worker=32768"
    "memorysetup-bucket-allocator-granularity=16"
    "memorysetup-bucket-allocator-bucket-count=8"
    "memorysetup-bucket-allocator-block-size=33554432"
    "memorysetup-bucket-allocator-block-count=8"
    "memorysetup-main-allocator-block-size=16777216"
    "memorysetup-thread-allocator-block-size=16777216"
    "memorysetup-main-allocator-mimalloc-enabled=0"
    "memorysetup-gfx-main-allocator-block-size=16777216"
    "memorysetup-gfx-thread-allocator-block-size=16777216"
    "memorysetup-cache-allocator-block-size=4194304"
    "memorysetup-typetree-allocator-block-size=2097152"
    "memorysetup-profiler-bucket-allocator-granularity=16"
    "memorysetup-profiler-bucket-allocator-bucket-count=8"
    "memorysetup-profiler-bucket-allocator-block-size=33554432"
    "memorysetup-profiler-bucket-allocator-block-count=8"
    "memorysetup-profiler-allocator-block-size=16777216"
    "memorysetup-profiler-editor-allocator-block-size=1048576"
    "memorysetup-temp-allocator-size-main=16777216"
    "memorysetup-job-temp-allocator-block-size=2097152"
    "memorysetup-job-temp-allocator-block-size-background=1048576"
    "memorysetup-job-temp-allocator-reduction-small-platforms=262144"
Player connection [19392]  Target information:

Player connection [19392]  * "[IP] 192.168.0.104 [Port] 0 [Flags] 2 [Guid] 23457298 [EditorId] 23457298 [Version] 1048832 [Id] WindowsEditor(7,DESKTOP-M1NFPOT) [Debug] 1 [PackageName] WindowsEditor [ProjectName] Editor" 

Player connection [19392] Host joined multi-casting on [225.0.0.222:54997]...
Player connection [19392] Host joined alternative multi-casting on [225.0.0.222:34997]...
JobSystem: Creating JobQueue using job-worker-count value 3
Input System module state changed to: Initialized.
[Physics::Module] Initialized fallback backend.
[Physics::Module] Id: 0xdecafbad
Library Redirect Path: Library/
[Physics::Module] Selected backend.
[Physics::Module] Name: PhysX
[Physics::Module] Id: 0xf2b8ea05
[Physics::Module] SDK Version: 4.1.2
[Physics::Module] Integration Version: 1.0.0
[Physics::Module] Threading Mode: Multi-Threaded
Refreshing native plugins compatible for Editor in 6.73 ms, found 5 plugins.
Initialize engine version: 6000.5.3f1 (c2eb47b3a2a9)
[Subsystems] Discovering subsystems at path C:/Program Files/Unity/Hub/Editor/6000.5.3f1/Editor/Data/Resources/UnitySubsystems
[Subsystems] Discovering subsystems at path D:/WorkFolder/Unity/LifeSimulator/Assets
Forcing GfxDevice: Direct3D 12
GfxDevice: creating device client; kGfxThreadingModeNonThreaded
d3d12: failed to query info queue interface (0x80004002).
Direct3D:
    Version:         Direct3D 12 [level 12.1]
    Renderer:        Intel(R) UHD Graphics 730 (ID=0x4692)
    Vendor:          Intel
    VRAM:            3950 MB
    App VRAM Budget: 3555 MB
    Driver:          32.0.101.7088
    Unified Memory Architecture
    Cache Coherent UMA
Initialize mono
Mono path[0] = 'C:/Program Files/Unity/Hub/Editor/6000.5.3f1/Editor/Data/Managed'
Mono path[1] = 'C:/Program Files/Unity/Hub/Editor/6000.5.3f1/Editor/Data/BCLExtensions/runtime/netstandard2.1'
Mono path[2] = 'C:/Program Files/Unity/Hub/Editor/6000.5.3f1/Editor/Data/MonoBleedingEdge/lib/mono/unityjit-win32'
Mono config path = 'C:/Program Files/Unity/Hub/Editor/6000.5.3f1/Editor/Data/MonoBleedingEdge/etc'
Using monoOptions --debugger-agent=transport=dt_socket,embedding=1,server=y,suspend=n,address=127.0.0.1:56048
CodeReloadManager initialized
Begin MonoManager ReloadAssembly
Registering precompiled unity dll's ...
Register platform support module: C:/Program Files/Unity/Hub/Editor/6000.5.3f1/Editor/Data/PlaybackEngines/WebGLSupport/UnityEditor.WebGL.Extensions.dll
Register platform support module: C:/Program Files/Unity/Hub/Editor/6000.5.3f1/Editor/Data/PlaybackEngines/WindowsStandaloneSupport/UnityEditor.WindowsStandalone.Extensions.dll
Registered in 0.007392 seconds.
Native extension for WindowsStandalone target not found
Native extension for WebGL target not found
Package Manager log level set to [2]
[Package Manager] Failed to launch server process. Reason: Unity was launched with the -noUpm command-line argument
[Package Manager] Unable to send message (not connected to server process).
[Package Manager] Cannot connect to Unity Package Manager local server
ScheduleIndexationOnStartup MainProcess:False IndexOnStartup:True
Mono: successfully reloaded assembly
- Finished resetting the current domain, in  0.727 seconds
Domain Reload Profiling: 1868ms
	BeginReloadAssembly (271ms)
	RebuildCommonClasses (6ms)
	RebuildNativeTypeToScriptingClass (22ms)
	initialDomainReloadingComplete (168ms)
	LoadAllAssembliesAndSetupDomain (671ms)
		LoadAssemblies (256ms)
		AnalyzeDomain (400ms)
			TypeCache.Refresh (394ms)
				TypeCache.ScanAssembly (348ms)
			BuildScriptInfoCaches (4ms)
	FinalizeReload (730ms)
		SetupLoadedEditorAssemblies (0ms)
			InitializePlatformSupportModulesInManaged (5ms)
			BeforeProcessingInitializeOnLoad (123ms)
			ProcessInitializeOnLoadAttributes (169ms)
			ProcessInitializeOnLoadMethodAttributes (316ms)
Initializing Unity extensions:
[Licensing::Client] Error: HandshakeResponse reported an error:
	ResponseCode: 505
	ResponseStatus: Unsupported protocol version '1.18.1'.
[Licensing::Module] Error: Failed to handshake to channel: "LicenseClient-Admin"
[Licensing::IpcConnector] LicenseClient-Admin channel disconnected successfully.
[Licensing::IpcConnector] Successfully connected to: "LicenseClient-Admin-6000.5.3" at "2026-07-14T22:34:53.7381883Z"
[Licensing::Client] Code 10 while verifying Licensing Client signature (process Id: 17784, path: "C:/Program Files/Unity/Hub/Editor/6000.5.3f1/Editor/Data/Resources/Licensing/Client/Unity.Licensing.Client.exe")
[Licensing::Module] LicensingClient has failed validation; ignoring
[Licensing::Client] Handshaking with LicensingClient:
  Version:                 1.18.1+9fbee8e
  Session Id:              76e12611c63740ae83afa4e7db12f8c8
  Correlation Id:          15d6138a9bb8c3d669031ff0e44af412
  External correlation Id: 495063941972664549
  Machine Id:              zf04Xmer3V7yFRfyfbGlc1a26FY=
[Licensing::Module] Successfully connected to LicensingClient on channel: "LicenseClient-Admin-6000.5.3" (connect: 0.00s, validation: 0.00s, handshake: 0.02s)
[Licensing::IpcConnector] Successfully connected to: "LicenseClient-Admin-6000.5.3-notifications" at "2026-07-14T22:34:53.7642115Z"
[Licensing::Module] Licensing Background thread has ended after 3.41s
[Licensing::Client] Successfully resolved entitlement details
[Licensing::Module] License group:
  Id: 18968271847552-UnityPersXXXX
  Product: Unity Personal
  Type: Assigned
  Expiration: Unlimited
========================================================================
Worker process is ready to serve import requests
Import Worker Mode flag is 0x00
Begin MonoManager ReloadAssembly
Refreshing native plugins compatible for Editor in 20.91 ms, found 5 plugins.
Native extension for WindowsStandalone target not found
Native extension for WebGL target not found
[Package Manager] Failed to launch server process. Reason: Unity was launched with the -noUpm command-line argument
[Package Manager] Unable to send message (not connected to server process).
[Package Manager] Cannot connect to Unity Package Manager local server
Refreshing native plugins compatible for Editor in 3.43 ms, found 5 plugins.
[Package Manager] Failed to launch server process. Reason: Unity was launched with the -noUpm command-line argument
[Package Manager] Unable to send message (not connected to server process).
[Package Manager] Cannot connect to Unity Package Manager local server
ScheduleIndexationOnStartup MainProcess:False IndexOnStartup:True
Mono: successfully reloaded assembly
- Finished resetting the current domain, in  1.056 seconds
Domain Reload Profiling: 2463ms
	BeginReloadAssembly (267ms)
		DisableScriptedObjects (8ms)
		CreateAndSetChildDomain (37ms)
	RebuildCommonClasses (8ms)
	RebuildNativeTypeToScriptingClass (15ms)
	initialDomainReloadingComplete (108ms)
	LoadAllAssembliesAndSetupDomain (1007ms)
		LoadAssemblies (628ms)
		AnalyzeDomain (359ms)
			TypeCache.Refresh (210ms)
				TypeCache.ScanAssembly (188ms)
			BuildScriptInfoCaches (138ms)
			ResolveRequiredComponents (9ms)
	FinalizeReload (1057ms)
		SetupLoadedEditorAssemblies (0ms)
			BeforeProcessingInitializeOnLoad (87ms)
			ProcessInitializeOnLoadAttributes (389ms)
			ProcessInitializeOnLoadMethodAttributes (284ms)
			AfterProcessingInitializeOnLoad (21ms)
		AwakeInstancesAfterBackupRestoration (3ms)
AcceleratorClientConnectionCallback - disconnected - :0
Launched and connected shader compiler UnityShaderCompiler.exe after 0.02 seconds
Refreshing native plugins compatible for Editor in 3.57 ms, found 5 plugins.
Unloading 22 Unused Serialized files (Serialized files now loaded: 0)
Curl error 3: URL rejected: Malformed input to a URL function
Unloading 7167 unused Assets / (5.9 MB). Loaded Objects now: 8059.
Memory consumption went from 359.0 MB to 353.1 MB.
Total: 12.588800 ms (FindLiveObjects: 0.764000 ms CreateObjectMapping: 3.633700 ms MarkObjects: 5.022600 ms  DeleteObjects: 3.165700 ms)

========================================================================
Received Import Request.
  Time of request: 2026-07-14T22:34:58.7695476Z
  Time since last request: 1589511.83660860010423 seconds.
  importAddress: GUID: 9b8406118acf8874087b4226e8451b06 - Path: Assets/Textures/icon.png - Importer: PreviewImporter
Importing 'GUID: 9b8406118acf8874087b4226e8451b06 - Path: Assets/Textures/icon.png - Importer: PreviewImporter' with importer (PreviewImporter)
Imported 'GUID: 9b8406118acf8874087b4226e8451b06' -> (Import Result ID: 'aab25fb2f25dc76775f9bd6e5fa16872') in 0.208 seconds [static and dynamic dependencies]. Details - ImportResultOutputID=28fcfffa2943de2f5870391c5ddb587b DependenciesID=2db8a1b4a5ffde3a608c0637a8186cb6 StaticDependenciesID=abc01350f24298c755e2a14d45fb710f 
Number of updated asset objects reloaded before import = 0
Number of asset objects unloaded after import = 3
========================================================================
Received Prepare
AcceleratorClientConnectionCallback - disconnected - :0
Refreshing native plugins compatible for Editor in 2.64 ms, found 5 plugins.
Unloading 22 Unused Serialized files (Serialized files now loaded: 0)
Unloading 22 unused Assets / (2.6 MB). Loaded Objects now: 8067.
Memory consumption went from 353.7 MB to 351.1 MB.
Total: 12.023700 ms (FindLiveObjects: 0.481500 ms CreateObjectMapping: 1.066000 ms MarkObjects: 10.141600 ms  DeleteObjects: 0.333200 ms)

Prepare: number of updated asset objects reloaded= 0
========================================================================
Received Prepare
AcceleratorClientConnectionCallback - disconnected - :0
Refreshing native plugins compatible for Editor in 3.83 ms, found 5 plugins.
Unloading 22 Unused Serialized files (Serialized files now loaded: 0)
Unloading 22 unused Assets / (2.6 MB). Loaded Objects now: 8067.
Memory consumption went from 355.5 MB to 352.9 MB.
Total: 13.152500 ms (FindLiveObjects: 0.609200 ms CreateObjectMapping: 1.439800 ms MarkObjects: 10.474100 ms  DeleteObjects: 0.625600 ms)

Prepare: number of updated asset objects reloaded= 1
========================================================================
Received Prepare
AcceleratorClientConnectionCallback - disconnected - :0
Refreshing native plugins compatible for Editor in 3.96 ms, found 5 plugins.
Unloading 22 Unused Serialized files (Serialized files now loaded: 0)
Unloading 22 unused Assets / (2.6 MB). Loaded Objects now: 8067.
Memory consumption went from 357.5 MB to 354.9 MB.
Total: 11.837800 ms (FindLiveObjects: 1.090900 ms CreateObjectMapping: 2.064500 ms MarkObjects: 7.790600 ms  DeleteObjects: 0.888700 ms)

Prepare: number of updated asset objects reloaded= 0
========================================================================
Received Prepare
AcceleratorClientConnectionCallback - disconnected - :0
Refreshing native plugins compatible for Editor in 25.11 ms, found 5 plugins.
Unloading 22 Unused Serialized files (Serialized files now loaded: 0)
Unloading 22 unused Assets / (2.6 MB). Loaded Objects now: 8067.
Memory consumption went from 359.4 MB to 356.8 MB.
Total: 276.415200 ms (FindLiveObjects: 20.755600 ms CreateObjectMapping: 3.595300 ms MarkObjects: 250.831600 ms  DeleteObjects: 1.222700 ms)

Prepare: number of updated asset objects reloaded= 1
========================================================================
Received Import Request.
  Time of request: 2026-07-14T22:37:51.5334591Z
  Time since last request: 172.53713550000001 seconds.
  importAddress: GUID: 681886c5eb7344803b6206f758bf0b1c - Path: Assets/Settings/UniversalRP.asset - Importer: ScriptedImporter/UnityEditor.QuickSearchModule:UnityEditor.Search:ASIAI0B
Importing 'GUID: 681886c5eb7344803b6206f758bf0b1c - Path: Assets/Settings/UniversalRP.asset - Importer: ScriptedImporter/UnityEditor.QuickSearchModule:UnityEditor.Search:ASIAI0B' with importer (ScriptedImporter : UnityEditor.QuickSearchModule:UnityEditor.Search:ASIAI0B)
Imported 'GUID: 681886c5eb7344803b6206f758bf0b1c' -> (Import Result ID: 'a35c93d80d5b6a2990484a861af67ed5') in 1.399 seconds [static and dynamic dependencies]. Details - ImportResultOutputID=0227f4d3e2cd30888fa013d6cd363c07 DependenciesID=10517ec0f176cb09dd21d0a4a03bc7df StaticDependenciesID=7c3da0085bc723edfd6b1028339225df 
Number of updated asset objects reloaded before import = 0
Number of asset objects unloaded after import = 1
========================================================================
Received Prepare
AcceleratorClientConnectionCallback - disconnected - :0
Refreshing native plugins compatible for Editor in 4.37 ms, found 5 plugins.
Unloading 22 Unused Serialized files (Serialized files now loaded: 0)
Unloading 22 unused Assets / (2.6 MB). Loaded Objects now: 8067.
Memory consumption went from 362.8 MB to 360.2 MB.
Total: 330.717200 ms (FindLiveObjects: 13.296400 ms CreateObjectMapping: 1.856500 ms MarkObjects: 314.723200 ms  DeleteObjects: 0.700500 ms)

Prepare: number of updated asset objects reloaded= 0
========================================================================
Received Import Request.
  Time of request: 2026-07-14T22:41:14.4597182Z
  Time since last request: 201.49148049999999 seconds.
  importAddress: GUID: 1c90b46b468eae7468606388d48c3411 - Path: Assets/SampleScene.unity - Importer: ScriptedImporter/UnityEditor.QuickSearchModule:UnityEditor.Search:ASIAI0B
Importing 'GUID: 1c90b46b468eae7468606388d48c3411 - Path: Assets/SampleScene.unity - Importer: ScriptedImporter/UnityEditor.QuickSearchModule:UnityEditor.Search:ASIAI0B' with importer (ScriptedImporter : UnityEditor.QuickSearchModule:UnityEditor.Search:ASIAI0B)
Imported 'GUID: 1c90b46b468eae7468606388d48c3411' -> (Import Result ID: '9e33dc1a41fd675c07e08d91c4ffbaaa') in 0.129 seconds [static and dynamic dependencies]. Details - ImportResultOutputID=f084334a2cbdb21967551c89c03729c6 DependenciesID=5eedb6cdb995b3208667ab3786a935af StaticDependenciesID=d613f8ba3f65e8258c1e826a847f8028 
Number of updated asset objects reloaded before import = 1
Number of asset objects unloaded after import = 1
========================================================================
Received Prepare
AcceleratorClientConnectionCallback - disconnected - :0
Refreshing native plugins compatible for Editor in 5.97 ms, found 5 plugins.
Unloading 22 Unused Serialized files (Serialized files now loaded: 0)
Unloading 22 unused Assets / (2.6 MB). Loaded Objects now: 8067.
Memory consumption went from 357.3 MB to 354.7 MB.
Total: 480.833200 ms (FindLiveObjects: 10.163400 ms CreateObjectMapping: 2.080500 ms MarkObjects: 467.333800 ms  DeleteObjects: 1.250700 ms)

Prepare: number of updated asset objects reloaded= 1
========================================================================
Received Prepare
AcceleratorClientConnectionCallback - disconnected - :0
Refreshing native plugins compatible for Editor in 8.31 ms, found 5 plugins.
Unloading 22 Unused Serialized files (Serialized files now loaded: 0)
Unloading 22 unused Assets / (2.6 MB). Loaded Objects now: 8067.
Memory consumption went from 359.2 MB to 356.5 MB.
Total: 483.174500 ms (FindLiveObjects: 17.534600 ms CreateObjectMapping: 2.977800 ms MarkObjects: 461.119600 ms  DeleteObjects: 1.534700 ms)

Prepare: number of updated asset objects reloaded= 0
========================================================================
Received Prepare
AcceleratorClientConnectionCallback - disconnected - :0
Refreshing native plugins compatible for Editor in 2.93 ms, found 5 plugins.
Unloading 22 Unused Serialized files (Serialized files now loaded: 0)
Unloading 22 unused Assets / (2.6 MB). Loaded Objects now: 8067.
Memory consumption went from 361.0 MB to 358.4 MB.
Total: 13.024200 ms (FindLiveObjects: 1.250100 ms CreateObjectMapping: 1.834100 ms MarkObjects: 9.003900 ms  DeleteObjects: 0.934300 ms)

Prepare: number of updated asset objects reloaded= 0
========================================================================
Received Prepare
AcceleratorClientConnectionCallback - disconnected - :0
Refreshing native plugins compatible for Editor in 3.34 ms, found 5 plugins.
Unloading 22 Unused Serialized files (Serialized files now loaded: 0)
Unloading 22 unused Assets / (2.6 MB). Loaded Objects now: 8067.
Memory consumption went from 362.9 MB to 360.3 MB.
Total: 14.424000 ms (FindLiveObjects: 0.929200 ms CreateObjectMapping: 1.607700 ms MarkObjects: 11.195800 ms  DeleteObjects: 0.689000 ms)

Prepare: number of updated asset objects reloaded= 0
========================================================================
Received Prepare
AcceleratorClientConnectionCallback - disconnected - :0
Refreshing native plugins compatible for Editor in 5.31 ms, found 5 plugins.
Unloading 22 Unused Serialized files (Serialized files now loaded: 0)
Unloading 22 unused Assets / (2.6 MB). Loaded Objects now: 8067.
Memory consumption went from 364.7 MB to 362.1 MB.
Total: 574.658700 ms (FindLiveObjects: 17.484000 ms CreateObjectMapping: 2.657100 ms MarkObjects: 553.333400 ms  DeleteObjects: 1.181100 ms)

Prepare: number of updated asset objects reloaded= 0
========================================================================
Received Import Request.
  Time of request: 2026-07-14T22:58:55.4757126Z
  Time since last request: 1060.85146110000005 seconds.
  importAddress: GUID: 1c90b46b468eae7468606388d48c3411 - Path: Assets/SampleScene.unity - Importer: ScriptedImporter/UnityEditor.QuickSearchModule:UnityEditor.Search:ASIAI0B
Importing 'GUID: 1c90b46b468eae7468606388d48c3411 - Path: Assets/SampleScene.unity - Importer: ScriptedImporter/UnityEditor.QuickSearchModule:UnityEditor.Search:ASIAI0B' with importer (ScriptedImporter : UnityEditor.QuickSearchModule:UnityEditor.Search:ASIAI0B)
Imported 'GUID: 1c90b46b468eae7468606388d48c3411' -> (Import Result ID: 'bf67d750629a8666873bd8d20e70f45d') in 0.125 seconds [static and dynamic dependencies]. Details - ImportResultOutputID=b14a896308d90cedd1231dd94bc8ef9b DependenciesID=42802e10124c0d5f6acdfe0d11e7cb7b StaticDependenciesID=0064ff2407c1965759a174a7257fce2e 
Number of updated asset objects reloaded before import = 0
Number of asset objects unloaded after import = 1
========================================================================
Received Import Request.
  Time of request: 2026-07-14T22:58:59.019794Z
  Time since last request: 3.4007038 seconds.
  importAddress: GUID: 93b439a37f63240aca3dd4e01d978a9f - Path: Assets/UniversalRenderPipelineGlobalSettings.asset - Importer: PreviewImporter
Importing 'GUID: 93b439a37f63240aca3dd4e01d978a9f - Path: Assets/UniversalRenderPipelineGlobalSettings.asset - Importer: PreviewImporter' with importer (PreviewImporter)
Imported 'GUID: 93b439a37f63240aca3dd4e01d978a9f' -> (Import Result ID: '9772854b83a84a01a058d0887d474a78') in 0.105 seconds [static and dynamic dependencies]. Details - ImportResultOutputID=c17a5a6e8c9e5f62e33c6f7a5b809acd DependenciesID=39a5708b21850b51e81fe3f4a20d4104 StaticDependenciesID=83d67e38a52abfb667b73432542c1f20 
Number of updated asset objects reloaded before import = 0
Number of asset objects unloaded after import = 0
========================================================================
Received Import Request.
  Time of request: 2026-07-14T22:59:09.1014263Z
  Time since last request: 9.9593249 seconds.
  importAddress: GUID: 681886c5eb7344803b6206f758bf0b1c - Path: Assets/Settings/UniversalRP.asset - Importer: PreviewImporter
Importing 'GUID: 681886c5eb7344803b6206f758bf0b1c - Path: Assets/Settings/UniversalRP.asset - Importer: PreviewImporter' with importer (PreviewImporter)
Imported 'GUID: 681886c5eb7344803b6206f758bf0b1c' -> (Import Result ID: 'a30c7c4d00f84d506e27cc40053b4315') in 0.004 seconds [static and dynamic dependencies]. Details - ImportResultOutputID=856a9cfd71ed7641d2f9249e6efc662a DependenciesID=668f49ee2028a42a82bbd996f1ae218b StaticDependenciesID=aa5965d14c9e52480a441eb7d4b38d56 
Number of updated asset objects reloaded before import = 0
Number of asset objects unloaded after import = 0
========================================================================
Received Import Request.
  Time of request: 2026-07-14T22:59:13.6512774Z
  Time since last request: 4.5311266 seconds.
  importAddress: GUID: d574b2fb4661c408f80aa76c0182931f - Path: Assets/Settings/Scenes - Importer: PreviewImporter
Importing 'GUID: d574b2fb4661c408f80aa76c0182931f - Path: Assets/Settings/Scenes - Importer: PreviewImporter' with importer (PreviewImporter)
Imported 'GUID: d574b2fb4661c408f80aa76c0182931f' -> (Import Result ID: 'f7714c32713ebfe4537bfe1ab4918f00') in 0.001 seconds [static and dynamic dependencies]. Details - ImportResultOutputID=212a163ba937d32d2a4c527e82e49457 DependenciesID=da2b1cdab0b8b5b860e2fea4d04e5f83 StaticDependenciesID=01168caaf900bd486eb2bcb513a517f2 
Number of updated asset objects reloaded before import = 0
Number of asset objects unloaded after import = 0
========================================================================
Received Import Request.
  Time of request: 2026-07-14T22:59:14.7480532Z
  Time since last request: 1.0869751 seconds.
  importAddress: GUID: 2cda990e2423bbf4892e6590ba056729 - Path: Assets/Settings/Scenes/URP2DSceneTemplate.unity - Importer: PreviewImporter
Importing 'GUID: 2cda990e2423bbf4892e6590ba056729 - Path: Assets/Settings/Scenes/URP2DSceneTemplate.unity - Importer: PreviewImporter' with importer (PreviewImporter)
Imported 'GUID: 2cda990e2423bbf4892e6590ba056729' -> (Import Result ID: 'b7d837505e30ab3653187d151fe92fbc') in 0.001 seconds [static and dynamic dependencies]. Details - ImportResultOutputID=8a4e5dc698d40586a4f237ec829d43e9 DependenciesID=882f51d7e8040de18e35d2c7afc20abf StaticDependenciesID=d55468820027141c32ca339f6ee4e1ae 
Number of updated asset objects reloaded before import = 0
Number of asset objects unloaded after import = 0
========================================================================
Received Import Request.
  Time of request: 2026-07-14T22:59:31.9886076Z
  Time since last request: 17.2259837 seconds.
  importAddress: GUID: 8c9cfa26abfee488c85f1582747f6a02 - Path: Assets/Scenes/SampleScene.unity - Importer: PreviewImporter
Importing 'GUID: 8c9cfa26abfee488c85f1582747f6a02 - Path: Assets/Scenes/SampleScene.unity - Importer: PreviewImporter' with importer (PreviewImporter)
Imported 'GUID: 8c9cfa26abfee488c85f1582747f6a02' -> (Import Result ID: '57432d84abed685b32887d8be2690ecf') in 0.003 seconds [static and dynamic dependencies]. Details - ImportResultOutputID=90ed1bf11bd6e0e85d4c90d5dd7c8fe3 DependenciesID=7c721160d5b14050bd6742b3ed1a57cf StaticDependenciesID=c0fad007a16271ae20d29f32cb81240e 
Number of updated asset objects reloaded before import = 0
Number of asset objects unloaded after import = 0
========================================================================
Received Prepare
AcceleratorClientConnectionCallback - disconnected - :0
Refreshing native plugins compatible for Editor in 6.67 ms, found 5 plugins.
Unloading 22 Unused Serialized files (Serialized files now loaded: 0)
Unloading 22 unused Assets / (2.6 MB). Loaded Objects now: 8067.
Memory consumption went from 355.5 MB to 352.9 MB.
Total: 15.483600 ms (FindLiveObjects: 0.636600 ms CreateObjectMapping: 2.360200 ms MarkObjects: 11.552300 ms  DeleteObjects: 0.930700 ms)

Prepare: number of updated asset objects reloaded= 0
========================================================================
Received Import Request.
  Time of request: 2026-07-14T22:59:55.5005024Z
  Time since last request: 23.4952884 seconds.
  importAddress: GUID: 1c90b46b468eae7468606388d48c3411 - Path: Assets/Scenes/SampleScene.unity - Importer: PreviewImporter
Importing 'GUID: 1c90b46b468eae7468606388d48c3411 - Path: Assets/Scenes/SampleScene.unity - Importer: PreviewImporter' with importer (PreviewImporter)
Imported 'GUID: 1c90b46b468eae7468606388d48c3411' -> (Import Result ID: '07bf76fb6ffd5e357049bcc0dfb52c2b') in 0.002 seconds [static and dynamic dependencies]. Details - ImportResultOutputID=5f927e83cf21ad16d72f45fa5af38aac DependenciesID=8c1aca068eecad8620e71855efa727e2 StaticDependenciesID=d13897614f10d25dd8e628377c43af57 
Number of updated asset objects reloaded before import = 0
Number of asset objects unloaded after import = 0
========================================================================
Received Import Request.
  Time of request: 2026-07-14T22:59:55.6783189Z
  Time since last request: 0.1563455 seconds.
  importAddress: GUID: 1c90b46b468eae7468606388d48c3411 - Path: Assets/Scenes/SampleScene.unity - Importer: ScriptedImporter/UnityEditor.QuickSearchModule:UnityEditor.Search:ASIAI0B
Importing 'GUID: 1c90b46b468eae7468606388d48c3411 - Path: Assets/Scenes/SampleScene.unity - Importer: ScriptedImporter/UnityEditor.QuickSearchModule:UnityEditor.Search:ASIAI0B' with importer (ScriptedImporter : UnityEditor.QuickSearchModule:UnityEditor.Search:ASIAI0B)
Imported 'GUID: 1c90b46b468eae7468606388d48c3411' -> (Import Result ID: 'fb5c378c0f4f0d6f20e30ed47b1cba3a') in 0.008 seconds [static and dynamic dependencies]. Details - ImportResultOutputID=fc117e6c84020870049effd55aad9dca DependenciesID=065ea8c945b6c503c832e726cd1a1650 StaticDependenciesID=0064ff2407c1965759a174a7257fce2e 
Number of updated asset objects reloaded before import = 0
Number of asset objects unloaded after import = 1
========================================================================
Received Prepare
AcceleratorClientConnectionCallback - disconnected - :0
Refreshing native plugins compatible for Editor in 3.33 ms, found 5 plugins.
Unloading 22 Unused Serialized files (Serialized files now loaded: 0)
Unloading 22 unused Assets / (2.6 MB). Loaded Objects now: 8067.
Memory consumption went from 355.5 MB to 352.9 MB.
Total: 11.738400 ms (FindLiveObjects: 0.752800 ms CreateObjectMapping: 1.314200 ms MarkObjects: 9.217300 ms  DeleteObjects: 0.451600 ms)

Prepare: number of updated asset objects reloaded= 0
Editor requested this worker to shutdown with reason: Editor is closing down
AcceleratorClientConnectionCallback - disconnected - :0
AssetImportWorker is now disconnected from the server
Process exiting
Exiting without the bug reporter. Application will terminate with return code 0